<?xml version="1.0" encoding="UTF-8" ?>
<testsuite tests="9" failures="0" name="PromotionBusinessTest" time="0" errors="0" skipped="0">
  <properties>
[...]
</properties>
  <testcase classname="PromotionBusinessTest" name="shouldApplyRemise" time="0"/>
  <testcase classname="PromotionBusinessTest" name="shouldThrowExceptionWherePriceIsLessThan0" time="0"/>
  <testcase classname="PromotionBusinessTest" name="shouldApply2PurcentPromoWhenProductGreaterThan500" time="0"/>
  <testcase classname="PromotionBusinessTest" name="shouldThrowExceptionIFProductIsEmpty" time="0"/>
  <testcase classname="PromotionBusinessTest" name="shouldApply15PurcentPromoWhenProductBeginningWithA" time="0"/>
  <testcase classname="PromotionBusinessTest" name="shouldApply5PurcentPromoWhenProductBeginningWithBAndGreaterThan500" time="0"/>
  <testcase classname="PromotionBusinessTest" name="shouldApply5PurcentPromoWhenProductBeginningWithB" time="0"/>
  <testcase classname="PromotionBusinessTest" name="shouldThrowException" time="0"/>
  <testcase classname="PromotionBusinessTest" name="shouldApply15PurcentPromoWhenProductBeginningWithAAndGreaterThan500" time="0"/>
</testsuite>